<?xml version="1.0" encoding="UTF-8"?>
<testsuite xmlns:xsi="http://www.w3.org/2001/XMLSchema-instance" xsi:noNamespaceSchemaLocation="https://maven.apache.org/surefire/maven-surefire-plugin/xsd/surefire-test-report-3.0.xsd" version="3.0" name="com.indus.training.persist.dao.TestStudentDaoImpl" time="1.581" tests="5" errors="0" skipped="0" failures="0">
  <properties>
[...]
</properties>
  <testcase name="testUpdateStudentLastName" classname="com.indus.training.persist.dao.TestStudentDaoImpl" time="1.515">
    <system-out><![CDATA[false
]]></system-out>
    <system-err><![CDATA[Sep 08, 2024 10:33:28 AM org.hibernate.jpa.internal.util.LogHelper logPersistenceUnitInformation
INFO: HHH000204: Processing PersistenceUnitInfo [
	name: myPersistenceUnit
	...]
Sep 08, 2024 10:33:28 AM org.hibernate.Version logVersion
INFO: HHH000412: Hibernate Core {5.3.7.Final}
Sep 08, 2024 10:33:28 AM org.hibernate.cfg.Environment <clinit>
INFO: HHH000206: hibernate.properties not found
Sep 08, 2024 10:33:28 AM org.hibernate.annotations.common.reflection.java.JavaReflectionManager <clinit>
INFO: HCANN000001: Hibernate Commons Annotations {5.0.4.Final}
Sep 08, 2024 10:33:28 AM org.hibernate.engine.jdbc.connections.internal.DriverManagerConnectionProviderImpl configure
WARN: HHH10001002: Using Hibernate built-in connection pool (not for production use!)
Sep 08, 2024 10:33:28 AM org.hibernate.engine.jdbc.connections.internal.DriverManagerConnectionProviderImpl buildCreator
INFO: HHH10001005: using driver [com.mysql.cj.jdbc.Driver] at URL [jdbc:mysql://localhost:3306/studentjpadb]
Sep 08, 2024 10:33:28 AM org.hibernate.engine.jdbc.connections.internal.DriverManagerConnectionProviderImpl buildCreator
INFO: HHH10001001: Connection properties: {user=root, password=****}
Sep 08, 2024 10:33:28 AM org.hibernate.engine.jdbc.connections.internal.DriverManagerConnectionProviderImpl buildCreator
INFO: HHH10001003: Autocommit mode: false
Sep 08, 2024 10:33:28 AM org.hibernate.engine.jdbc.connections.internal.DriverManagerConnectionProviderImpl$PooledConnections <init>
INFO: HHH000115: Hibernate connection pool size: 20 (min=1)
Sep 08, 2024 10:33:29 AM org.hibernate.dialect.Dialect <init>
INFO: HHH000400: Using dialect: org.hibernate.dialect.MySQL8Dialect
]]></system-err>
  </testcase>
  <testcase name="testUpdateStudentFirstName" classname="com.indus.training.persist.dao.TestStudentDaoImpl" time="0.001">
    <system-out><![CDATA[false
]]></system-out>
  </testcase>
  <testcase name="testInsertStudent" classname="com.indus.training.persist.dao.TestStudentDaoImpl" time="0.014">
    <system-out><![CDATA[IN Student insert
true
]]></system-out>
  </testcase>
  <testcase name="testDeleteStudent" classname="com.indus.training.persist.dao.TestStudentDaoImpl" time="0.017">
    <system-out><![CDATA[true]]></system-out>
  </testcase>
  <testcase name="testFetchStudent" classname="com.indus.training.persist.dao.TestStudentDaoImpl" time="0.002">
    <system-out><![CDATA[java.lang.NullPointerException]]></system-out>
  </testcase>
</testsuite>